13:30:29,775 ERROR [Steps$StdOutErrLog] Root element of the doc is ontology
13:30:29,784 ERROR [Steps$StdOutErrLog] Total no of people : 3
13:30:30,586 INFO  [Loggers] ->0
13:30:30,588 INFO  [Steps$StdOutErrLog] java.lang.StringIndexOutOfBoundsException: String index out of range: -76
13:30:30,589 INFO  [Steps$StdOutErrLog] 	at java.lang.String.substring(String.java:1875)
13:30:30,589 INFO  [Steps$StdOutErrLog] 	at testGenerator.StepsGenerator.<init>(StepsGenerator.java:33)
13:30:30,589 INFO  [Steps$StdOutErrLog] 	at main.Steps.main(Steps.java:85)
13:30:30,592 INFO  [Steps$StdOutErrLog] 	at PorjectDan.actionPerformed(PorjectDan.java:951)
13:30:30,592 INFO  [Steps$StdOutErrLog] 	at javax.swing.AbstractButton.fireActionPerformed(AbstractButton.java:2018)
13:30:30,592 INFO  [Steps$StdOutErrLog] 	at javax.swing.AbstractButton$Handler.actionPerformed(AbstractButton.java:2341)
13:30:30,593 INFO  [Steps$StdOutErrLog] 	at javax.swing.DefaultButtonModel.fireActionPerformed(DefaultButtonModel.java:402)
13:30:30,593 INFO  [Steps$StdOutErrLog] 	at javax.swing.DefaultButtonModel.setPressed(DefaultButtonModel.java:259)
13:30:30,593 INFO  [Steps$StdOutErrLog] 	at javax.swing.plaf.basic.BasicButtonListener.mouseReleased(BasicButtonListener.java:252)
13:30:30,594 INFO  [Steps$StdOutErrLog] 	at java.awt.Component.processMouseEvent(Component.java:6505)
13:30:30,594 INFO  [Steps$StdOutErrLog] 	at javax.swing.JComponent.processMouseEvent(JComponent.java:3311)
13:30:30,595 INFO  [Steps$StdOutErrLog] 	at java.awt.Component.processEvent(Component.java:6270)
13:30:30,595 INFO  [Steps$StdOutErrLog] 	at java.awt.Container.processEvent(Container.java:2229)
13:30:30,596 INFO  [Steps$StdOutErrLog] 	at java.awt.Component.dispatchEventImpl(Component.java:4861)
13:30:30,596 INFO  [Steps$StdOutErrLog] 	at java.awt.Container.dispatchEventImpl(Container.java:2287)
13:30:30,596 INFO  [Steps$StdOutErrLog] 	at java.awt.Component.dispatchEvent(Component.java:4687)
13:30:30,597 INFO  [Steps$StdOutErrLog] 	at java.awt.LightweightDispatcher.retargetMouseEvent(Container.java:4832)
13:30:30,597 INFO  [Steps$StdOutErrLog] 	at java.awt.LightweightDispatcher.processMouseEvent(Container.java:4492)
13:30:30,598 INFO  [Steps$StdOutErrLog] 	at java.awt.LightweightDispatcher.dispatchEvent(Container.java:4422)
13:30:30,599 INFO  [Steps$StdOutErrLog] 	at java.awt.Container.dispatchEventImpl(Container.java:2273)
13:30:30,599 INFO  [Steps$StdOutErrLog] 	at java.awt.Window.dispatchEventImpl(Window.java:2719)
13:30:30,599 INFO  [Steps$StdOutErrLog] 	at java.awt.Component.dispatchEvent(Component.java:4687)
13:30:30,600 INFO  [Steps$StdOutErrLog] 	at java.awt.EventQueue.dispatchEventImpl(EventQueue.java:735)
13:30:30,600 INFO  [Steps$StdOutErrLog] 	at java.awt.EventQueue.access$200(EventQueue.java:103)
13:30:30,602 INFO  [Steps$StdOutErrLog] 	at java.awt.EventQueue$3.run(EventQueue.java:694)
13:30:30,602 INFO  [Steps$StdOutErrLog] 	at java.awt.EventQueue$3.run(EventQueue.java:692)
13:30:30,602 INFO  [Steps$StdOutErrLog] 	at java.security.AccessController.doPrivileged(Native Method)
13:30:30,603 INFO  [Steps$StdOutErrLog] 	at java.security.ProtectionDomain$1.doIntersectionPrivilege(ProtectionDomain.java:76)
13:30:30,603 INFO  [Steps$StdOutErrLog] 	at java.security.ProtectionDomain$1.doIntersectionPrivilege(ProtectionDomain.java:87)
13:30:30,604 INFO  [Steps$StdOutErrLog] 	at java.awt.EventQueue$4.run(EventQueue.java:708)
13:30:30,604 INFO  [Steps$StdOutErrLog] 	at java.awt.EventQueue$4.run(EventQueue.java:706)
13:30:30,604 INFO  [Steps$StdOutErrLog] 	at java.security.AccessController.doPrivileged(Native Method)
13:30:30,605 INFO  [Steps$StdOutErrLog] 	at java.security.ProtectionDomain$1.doIntersectionPrivilege(ProtectionDomain.java:76)
13:30:30,605 INFO  [Steps$StdOutErrLog] 	at java.awt.EventQueue.dispatchEvent(EventQueue.java:705)
13:30:30,605 INFO  [Steps$StdOutErrLog] 	at java.awt.EventDispatchThread.pumpOneEventForFilters(EventDispatchThread.java:242)
13:30:30,606 INFO  [Steps$StdOutErrLog] 	at java.awt.EventDispatchThread.pumpEventsForFilter(EventDispatchThread.java:161)
13:30:30,606 INFO  [Steps$StdOutErrLog] 	at java.awt.EventDispatchThread.pumpEventsForHierarchy(EventDispatchThread.java:150)
13:30:30,607 INFO  [Steps$StdOutErrLog] 	at java.awt.EventDispatchThread.pumpEvents(EventDispatchThread.java:146)
13:30:30,607 INFO  [Steps$StdOutErrLog] 	at java.awt.EventDispatchThread.pumpEvents(EventDispatchThread.java:138)
13:30:30,607 INFO  [Steps$StdOutErrLog] 	at java.awt.EventDispatchThread.run(EventDispatchThread.java:91)
13:30:54,614 INFO  [Steps$StdOutErrLog] [[I@1d439fe]
13:30:55,283 INFO  [Steps$StdOutErrLog] [[I@1d439fe]
13:31:03,691 ERROR [Steps$StdOutErrLog] Root element of the doc is ontology
13:31:03,693 ERROR [Steps$StdOutErrLog] Total no of people : 3
13:31:04,337 INFO  [Loggers] ->0
13:31:04,338 INFO  [Steps$StdOutErrLog] java.lang.StringIndexOutOfBoundsException: String index out of range: -76
13:31:04,338 INFO  [Steps$StdOutErrLog] 	at java.lang.String.substring(String.java:1875)
13:31:04,338 INFO  [Steps$StdOutErrLog] 	at testGenerator.StepsGenerator.<init>(StepsGenerator.java:33)
13:31:04,338 INFO  [Steps$StdOutErrLog] 	at main.Steps.main(Steps.java:85)
13:31:04,338 INFO  [Steps$StdOutErrLog] 	at PorjectDan.actionPerformed(PorjectDan.java:951)
13:31:04,339 INFO  [Steps$StdOutErrLog] 	at javax.swing.AbstractButton.fireActionPerformed(AbstractButton.java:2018)
13:31:04,339 INFO  [Steps$StdOutErrLog] 	at javax.swing.AbstractButton$Handler.actionPerformed(AbstractButton.java:2341)
13:31:04,339 INFO  [Steps$StdOutErrLog] 	at javax.swing.DefaultButtonModel.fireActionPerformed(DefaultButtonModel.java:402)
13:31:04,339 INFO  [Steps$StdOutErrLog] 	at javax.swing.DefaultButtonModel.setPressed(DefaultButtonModel.java:259)
13:31:04,339 INFO  [Steps$StdOutErrLog] 	at javax.swing.plaf.basic.BasicButtonListener.mouseReleased(BasicButtonListener.java:252)
13:31:04,351 INFO  [Steps$StdOutErrLog] 	at java.awt.Component.processMouseEvent(Component.java:6505)
13:31:04,356 INFO  [Steps$StdOutErrLog] 	at javax.swing.JComponent.processMouseEvent(JComponent.java:3311)
13:31:04,357 INFO  [Steps$StdOutErrLog] 	at java.awt.Component.processEvent(Component.java:6270)
13:31:04,365 INFO  [Steps$StdOutErrLog] 	at java.awt.Container.processEvent(Container.java:2229)
13:31:04,366 INFO  [Steps$StdOutErrLog] 	at java.awt.Component.dispatchEventImpl(Component.java:4861)
13:31:04,366 INFO  [Steps$StdOutErrLog] 	at java.awt.Container.dispatchEventImpl(Container.java:2287)
13:31:04,373 INFO  [Steps$StdOutErrLog] 	at java.awt.Component.dispatchEvent(Component.java:4687)
13:31:04,373 INFO  [Steps$StdOutErrLog] 	at java.awt.LightweightDispatcher.retargetMouseEvent(Container.java:4832)
13:31:04,373 INFO  [Steps$StdOutErrLog] 	at java.awt.LightweightDispatcher.processMouseEvent(Container.java:4492)
13:31:04,374 INFO  [Steps$StdOutErrLog] 	at java.awt.LightweightDispatcher.dispatchEvent(Container.java:4422)
13:31:04,374 INFO  [Steps$StdOutErrLog] 	at java.awt.Container.dispatchEventImpl(Container.java:2273)
13:31:04,375 INFO  [Steps$StdOutErrLog] 	at java.awt.Window.dispatchEventImpl(Window.java:2719)
13:31:04,375 INFO  [Steps$StdOutErrLog] 	at java.awt.Component.dispatchEvent(Component.java:4687)
13:31:04,379 INFO  [Steps$StdOutErrLog] 	at java.awt.EventQueue.dispatchEventImpl(EventQueue.java:735)
13:31:04,380 INFO  [Steps$StdOutErrLog] 	at java.awt.EventQueue.access$200(EventQueue.java:103)
13:31:04,380 INFO  [Steps$StdOutErrLog] 	at java.awt.EventQueue$3.run(EventQueue.java:694)
13:31:04,381 INFO  [Steps$StdOutErrLog] 	at java.awt.EventQueue$3.run(EventQueue.java:692)
13:31:04,381 INFO  [Steps$StdOutErrLog] 	at java.security.AccessController.doPrivileged(Native Method)
13:31:04,381 INFO  [Steps$StdOutErrLog] 	at java.security.ProtectionDomain$1.doIntersectionPrivilege(ProtectionDomain.java:76)
13:31:04,387 INFO  [Steps$StdOutErrLog] 	at java.security.ProtectionDomain$1.doIntersectionPrivilege(ProtectionDomain.java:87)
13:31:04,388 INFO  [Steps$StdOutErrLog] 	at java.awt.EventQueue$4.run(EventQueue.java:708)
13:31:04,388 INFO  [Steps$StdOutErrLog] 	at java.awt.EventQueue$4.run(EventQueue.java:706)
13:31:04,388 INFO  [Steps$StdOutErrLog] 	at java.security.AccessController.doPrivileged(Native Method)
13:31:04,389 INFO  [Steps$StdOutErrLog] 	at java.security.ProtectionDomain$1.doIntersectionPrivilege(ProtectionDomain.java:76)
13:31:04,389 INFO  [Steps$StdOutErrLog] 	at java.awt.EventQueue.dispatchEvent(EventQueue.java:705)
13:31:04,396 INFO  [Steps$StdOutErrLog] 	at java.awt.EventDispatchThread.pumpOneEventForFilters(EventDispatchThread.java:242)
13:31:04,396 INFO  [Steps$StdOutErrLog] 	at java.awt.EventDispatchThread.pumpEventsForFilter(EventDispatchThread.java:161)
13:31:04,397 INFO  [Steps$StdOutErrLog] 	at java.awt.EventDispatchThread.pumpEventsForHierarchy(EventDispatchThread.java:150)
13:31:04,399 INFO  [Steps$StdOutErrLog] 	at java.awt.EventDispatchThread.pumpEvents(EventDispatchThread.java:146)
13:31:04,399 INFO  [Steps$StdOutErrLog] 	at java.awt.EventDispatchThread.pumpEvents(EventDispatchThread.java:138)
13:31:04,400 INFO  [Steps$StdOutErrLog] 	at java.awt.EventDispatchThread.run(EventDispatchThread.java:91)
13:31:16,078 ERROR [Steps$StdOutErrLog] Root element of the doc is ontology
13:31:16,083 ERROR [Steps$StdOutErrLog] Total no of people : 3
13:31:16,744 INFO  [Loggers] ->0
13:31:16,744 INFO  [Steps$StdOutErrLog] java.lang.StringIndexOutOfBoundsException: String index out of range: -76
13:31:16,744 INFO  [Steps$StdOutErrLog] 	at java.lang.String.substring(String.java:1875)
13:31:16,744 INFO  [Steps$StdOutErrLog] 	at testGenerator.StepsGenerator.<init>(StepsGenerator.java:33)
13:31:16,745 INFO  [Steps$StdOutErrLog] 	at main.Steps.main(Steps.java:85)
13:31:16,745 INFO  [Steps$StdOutErrLog] 	at PorjectDan.actionPerformed(PorjectDan.java:951)
13:31:16,745 INFO  [Steps$StdOutErrLog] 	at javax.swing.AbstractButton.fireActionPerformed(AbstractButton.java:2018)
13:31:16,745 INFO  [Steps$StdOutErrLog] 	at javax.swing.AbstractButton$Handler.actionPerformed(AbstractButton.java:2341)
13:31:16,745 INFO  [Steps$StdOutErrLog] 	at javax.swing.DefaultButtonModel.fireActionPerformed(DefaultButtonModel.java:402)
13:31:16,745 INFO  [Steps$StdOutErrLog] 	at javax.swing.DefaultButtonModel.setPressed(DefaultButtonModel.java:259)
13:31:16,745 INFO  [Steps$StdOutErrLog] 	at javax.swing.plaf.basic.BasicButtonListener.mouseReleased(BasicButtonListener.java:252)
13:31:16,746 INFO  [Steps$StdOutErrLog] 	at java.awt.Component.processMouseEvent(Component.java:6505)
13:31:16,746 INFO  [Steps$StdOutErrLog] 	at javax.swing.JComponent.processMouseEvent(JComponent.java:3311)
13:31:16,746 INFO  [Steps$StdOutErrLog] 	at java.awt.Component.processEvent(Component.java:6270)
13:31:16,746 INFO  [Steps$StdOutErrLog] 	at java.awt.Container.processEvent(Container.java:2229)
13:31:16,746 INFO  [Steps$StdOutErrLog] 	at java.awt.Component.dispatchEventImpl(Component.java:4861)
13:31:16,746 INFO  [Steps$StdOutErrLog] 	at java.awt.Container.dispatchEventImpl(Container.java:2287)
13:31:16,746 INFO  [Steps$StdOutErrLog] 	at java.awt.Component.dispatchEvent(Component.java:4687)
13:31:16,764 INFO  [Steps$StdOutErrLog] 	at java.awt.LightweightDispatcher.retargetMouseEvent(Container.java:4832)
13:31:16,765 INFO  [Steps$StdOutErrLog] 	at java.awt.LightweightDispatcher.processMouseEvent(Container.java:4492)
13:31:16,765 INFO  [Steps$StdOutErrLog] 	at java.awt.LightweightDispatcher.dispatchEvent(Container.java:4422)
13:31:16,766 INFO  [Steps$StdOutErrLog] 	at java.awt.Container.dispatchEventImpl(Container.java:2273)
13:31:16,767 INFO  [Steps$StdOutErrLog] 	at java.awt.Window.dispatchEventImpl(Window.java:2719)
13:31:16,775 INFO  [Steps$StdOutErrLog] 	at java.awt.Component.dispatchEvent(Component.java:4687)
13:31:16,776 INFO  [Steps$StdOutErrLog] 	at java.awt.EventQueue.dispatchEventImpl(EventQueue.java:735)
13:31:16,776 INFO  [Steps$StdOutErrLog] 	at java.awt.EventQueue.access$200(EventQueue.java:103)
13:31:16,777 INFO  [Steps$StdOutErrLog] 	at java.awt.EventQueue$3.run(EventQueue.java:694)
13:31:16,777 INFO  [Steps$StdOutErrLog] 	at java.awt.EventQueue$3.run(EventQueue.java:692)
13:31:16,777 INFO  [Steps$StdOutErrLog] 	at java.security.AccessController.doPrivileged(Native Method)
13:31:16,778 INFO  [Steps$StdOutErrLog] 	at java.security.ProtectionDomain$1.doIntersectionPrivilege(ProtectionDomain.java:76)
13:31:16,778 INFO  [Steps$StdOutErrLog] 	at java.security.ProtectionDomain$1.doIntersectionPrivilege(ProtectionDomain.java:87)
13:31:16,779 INFO  [Steps$StdOutErrLog] 	at java.awt.EventQueue$4.run(EventQueue.java:708)
13:31:16,779 INFO  [Steps$StdOutErrLog] 	at java.awt.EventQueue$4.run(EventQueue.java:706)
13:31:16,780 INFO  [Steps$StdOutErrLog] 	at java.security.AccessController.doPrivileged(Native Method)
13:31:16,787 INFO  [Steps$StdOutErrLog] 	at java.security.ProtectionDomain$1.doIntersectionPrivilege(ProtectionDomain.java:76)
13:31:16,788 INFO  [Steps$StdOutErrLog] 	at java.awt.EventQueue.dispatchEvent(EventQueue.java:705)
13:31:16,788 INFO  [Steps$StdOutErrLog] 	at java.awt.EventDispatchThread.pumpOneEventForFilters(EventDispatchThread.java:242)
13:31:16,789 INFO  [Steps$StdOutErrLog] 	at java.awt.EventDispatchThread.pumpEventsForFilter(EventDispatchThread.java:161)
13:31:16,789 INFO  [Steps$StdOutErrLog] 	at java.awt.EventDispatchThread.pumpEventsForHierarchy(EventDispatchThread.java:150)
13:31:16,789 INFO  [Steps$StdOutErrLog] 	at java.awt.EventDispatchThread.pumpEvents(EventDispatchThread.java:146)
13:31:16,790 INFO  [Steps$StdOutErrLog] 	at java.awt.EventDispatchThread.pumpEvents(EventDispatchThread.java:138)
13:31:16,790 INFO  [Steps$StdOutErrLog] 	at java.awt.EventDispatchThread.run(EventDispatchThread.java:91)
